[2023-11-22 00:40:17,333][INFO]: Server socket started!
[2023-11-22 00:40:17,335][INFO]: Job executor started!
[2023-11-22 00:40:47,191][WARNING]: New connection ('127.0.0.1', 55420)
[2023-11-22 00:40:52,580][INFO]: New User(User 1) registered with token: DZIV2CPDFWBSGDIQJ60QPYUBVT9V8F
[2023-11-22 00:41:16,889][INFO]: New message from User(User 1): Hello
[2023-11-22 00:41:42,517][WARNING]: New connection ('127.0.0.1', 55422)
[2023-11-22 00:42:29,433][WARNING]: New connection ('127.0.0.1', 55423)
[2023-11-22 00:42:33,390][WARNING]: New connection ('127.0.0.1', 55425)
[2023-11-22 00:42:37,255][INFO]: New User(User 1) registered with token: NN5SQ6I2W8ZYVBDXLMTNU4GG9HBXW4
[2023-11-22 00:42:44,565][INFO]: New User(User 2) registered with token: ER3PI7O1JWZ1CQRGGYJVL84EN1AHNR
[2023-11-22 00:42:53,678][INFO]: New message from User(User 2): Hello user 1
[2023-11-22 00:42:53,693][WARNING]: Created send message job for 2 users
[2023-11-22 00:42:53,709][WARNING]: JobExecutor - Started job
[2023-11-22 00:42:53,709][INFO]: JobExecutor - Sending message to User(User 1)
[2023-11-22 00:42:53,709][INFO]: JobExecutor - Sending message to User(User 1)
[2023-11-22 00:42:53,709][WARNING]: JobExecutor - Job finished
[2023-11-22 00:43:46,995][INFO]: New message from User(User 1): Hello user 2
[2023-11-22 00:43:47,011][WARNING]: Created send message job for 2 users
[2023-11-22 00:43:47,042][WARNING]: JobExecutor - Started job
[2023-11-22 00:43:47,042][INFO]: JobExecutor - Sending message to User(User 1)
[2023-11-22 00:43:47,042][INFO]: JobExecutor - Sending message to User(User 2)
[2023-11-22 00:43:47,042][WARNING]: JobExecutor - Job finished
[2023-11-22 00:44:29,246][WARNING]: New connection ('127.0.0.1', 55431)
[2023-11-22 00:44:38,011][INFO]: New User(User 3) registered with token: ZVZ08HJ622WJDBA0FUL9SMAIAZ695N
[2023-11-22 00:44:51,847][INFO]: New message from User(User 3): Hi Guys!
[2023-11-22 00:44:51,862][WARNING]: Created send message job for 3 users
[2023-11-22 00:44:51,878][WARNING]: JobExecutor - Started job
[2023-11-22 00:44:51,878][INFO]: JobExecutor - Sending message to User(User 1)
[2023-11-22 00:44:51,878][INFO]: JobExecutor - Sending message to User(User 1)
[2023-11-22 00:44:51,878][INFO]: JobExecutor - Sending message to User(User 2)
[2023-11-22 00:44:51,878][WARNING]: JobExecutor - Job finished
[2023-11-22 00:45:32,527][INFO]: New message from User(User 3): Hi user 3
[2023-11-22 00:45:32,558][WARNING]: Created send message job for 3 users
[2023-11-22 00:45:32,590][WARNING]: JobExecutor - Started job
[2023-11-22 00:45:32,590][INFO]: JobExecutor - Sending message to User(User 1)
[2023-11-22 00:45:32,590][INFO]: JobExecutor - Sending message to User(User 1)
[2023-11-22 00:45:32,590][INFO]: JobExecutor - Sending message to User(User 2)
[2023-11-22 00:45:32,590][WARNING]: JobExecutor - Job finished
[2023-11-22 00:46:24,004][INFO]: New message from User(User 1): Hi user 3
[2023-11-22 00:46:24,019][WARNING]: Created send message job for 3 users
[2023-11-22 00:46:24,050][WARNING]: JobExecutor - Started job
[2023-11-22 00:46:24,050][INFO]: JobExecutor - Sending message to User(User 1)
[2023-11-22 00:46:24,050][INFO]: JobExecutor - Sending message to User(User 2)
[2023-11-22 00:46:24,050][INFO]: JobExecutor - Sending message to User(User 3)
[2023-11-22 00:46:24,050][WARNING]: JobExecutor - Job finished
[2023-11-22 00:46:54,795][INFO]: New message from User(User 1): Hello
[2023-11-22 00:46:54,826][WARNING]: Created send message job for 3 users
[2023-11-22 00:46:54,858][WARNING]: JobExecutor - Started job
[2023-11-22 00:46:54,858][INFO]: JobExecutor - Sending message to User(User 1)
[2023-11-22 00:46:54,858][INFO]: JobExecutor - Sending message to User(User 2)
[2023-11-22 00:46:54,858][INFO]: JobExecutor - Sending message to User(User 3)
[2023-11-22 00:46:54,858][WARNING]: JobExecutor - Job finished
[2023-11-22 17:54:08,104][INFO]: Server socket started!
[2023-11-22 17:54:08,105][INFO]: Job executor started!
[2023-11-22 17:54:13,723][WARNING]: New connection ('127.0.0.1', 52950)
[2023-11-22 17:54:18,536][INFO]: New User(Test) registered with token: I10MDGL5H6I4Z109S1Z4VWZKGK0R0E
[2023-11-22 17:57:19,245][WARNING]: New connection ('127.0.0.1', 52966)
[2023-11-22 17:58:12,678][INFO]: Server socket started!
[2023-11-22 17:58:12,679][INFO]: Job executor started!
[2023-11-22 17:58:16,299][WARNING]: New connection ('127.0.0.1', 52972)
[2023-11-22 17:58:19,871][INFO]: New User(Test) registered with token: GP4LUKEFSHTJX2M9MFCT8XRLB03TJ9
[2023-11-22 17:58:28,083][INFO]: New message from User(Test): Test 1
[2023-11-22 17:58:34,058][INFO]: New message from User(Test): fsdffsdf
[2023-11-22 17:59:32,837][INFO]: Server socket started!
[2023-11-22 17:59:32,838][INFO]: Job executor started!
[2023-11-22 17:59:36,014][WARNING]: New connection ('127.0.0.1', 52980)
[2023-11-22 18:00:32,846][INFO]: Server socket started!
[2023-11-22 18:00:32,848][INFO]: Job executor started!
[2023-11-22 18:00:37,325][WARNING]: New connection ('127.0.0.1', 52990)
[2023-11-22 18:00:44,407][INFO]: New User(dassad) registered with token: Z92VUYJ17OCWI39SU8V4WFSF9WNGLA
[2023-11-22 18:07:26,964][INFO]: Server socket started!
[2023-11-22 18:07:26,965][INFO]: Job executor started!
[2023-11-22 18:07:33,810][WARNING]: New connection ('127.0.0.1', 53022)
[2023-11-22 18:07:39,706][INFO]: New User(Test) registered with token: X3OGUF0VJPU3PXUS81Z5951KGGBGNF
[2023-11-22 18:08:53,721][INFO]: Server socket started!
[2023-11-22 18:08:53,722][INFO]: Job executor started!
[2023-11-22 18:08:56,986][WARNING]: New connection ('127.0.0.1', 53028)
[2023-11-22 18:09:59,345][INFO]: Server socket started!
[2023-11-22 18:09:59,346][INFO]: Job executor started!
[2023-11-22 18:10:05,315][WARNING]: New connection ('127.0.0.1', 53036)
[2023-11-22 18:10:25,741][WARNING]: New connection ('127.0.0.1', 53037)
[2023-11-22 18:10:32,022][INFO]: New User(Test) registered with token: R5PNCIY80O2YATU4X52IMYJPDNSKBS
[2023-11-22 18:11:40,734][INFO]: Server socket started!
[2023-11-22 18:11:40,736][INFO]: Job executor started!
[2023-11-22 18:11:44,222][WARNING]: New connection ('127.0.0.1', 53042)
[2023-11-22 18:11:49,307][INFO]: New User(Test) registered with token: 77ITRZ951ISCDLUTQPOELZGMXJAUUZ
[2023-11-22 18:11:58,065][WARNING]: User(Test) left the chat
[2023-11-22 18:18:20,323][INFO]: Server socket started!
[2023-11-22 18:18:20,324][INFO]: Job executor started!
[2023-11-22 18:18:23,678][WARNING]: New connection ('127.0.0.1', 53069)
[2023-11-22 18:18:29,030][INFO]: New User(Test) registered with token: MTA1IK4ZT6E9NIRCL0CKOXE2HJ9T8I
[2023-11-22 18:18:35,081][INFO]: New message from User(Test): Hello
[2023-11-22 18:18:48,911][WARNING]: User(Test) left the chat
[2023-11-22 18:18:53,957][WARNING]: New connection ('127.0.0.1', 53076)
[2023-11-22 18:18:59,411][INFO]: New User(User) registered with token: LOH6IO52W5F1D4JBX8J3X79KC3437Y
[2023-11-22 18:20:33,919][INFO]: Server socket started!
[2023-11-22 18:20:33,921][INFO]: Job executor started!
[2023-11-22 18:20:41,075][WARNING]: New connection ('127.0.0.1', 53091)
[2023-11-22 18:20:43,567][INFO]: New User(Test) registered with token: 83J2IF9FPMLHQEVDW4AL5GRN9EJMPF
[2023-11-22 18:20:45,115][INFO]: New message from User(Test): daadsads
[2023-11-22 18:20:46,815][INFO]: New message from User(Test): agasgfsaga
[2023-11-22 18:20:53,199][WARNING]: User(Test) left the chat
[2023-11-22 18:21:05,506][WARNING]: New connection ('127.0.0.1', 53100)
[2023-11-22 18:21:16,455][INFO]: New User(User) registered with token: VUSYPT2EUMBH5081FYG1E8JZF8SAJA
[2023-11-22 18:21:57,512][WARNING]: User(User) left the chat
[2023-11-22 18:22:38,734][WARNING]: New connection ('127.0.0.1', 53105)
[2023-11-22 18:22:41,927][INFO]: New User(User) registered with token: C656FMKXOWFCIJLISGSK4UGR3AY6WD
[2023-11-22 18:22:58,688][WARNING]: User(User) left the chat
[2023-11-22 18:23:31,279][WARNING]: New connection ('127.0.0.1', 53109)
[2023-11-22 18:23:35,138][INFO]: New User(Test) registered with token: KGKFUPV7M910WQWQDJK49UGFX3LSIC
[2023-11-22 18:23:41,758][INFO]: New message from User(Test): Tests
[2023-11-22 18:23:57,546][WARNING]: User(Test) left the chat
[2023-11-22 18:27:46,444][WARNING]: New connection ('127.0.0.1', 53124)
[2023-11-22 18:27:48,915][INFO]: New User(Test) registered with token: F96U78143VM0RQFIDSB8JVWRRCI78V
[2023-11-22 18:27:55,822][INFO]: New message from User(Test): 32132231
[2023-11-22 18:28:22,221][WARNING]: User(Test) left the chat
[2023-11-22 18:29:03,610][WARNING]: New connection ('127.0.0.1', 53135)
[2023-11-22 18:29:06,505][INFO]: New User(Test2) registered with token: B0MZZACJ75PLUVOWHQYCO0F8UBMRP7
[2023-11-22 18:29:14,707][INFO]: New message from User(Test2): fsefdssdf
[2023-11-22 18:29:23,222][INFO]: New message from User(Test2): 4534534
[2023-11-22 18:29:28,786][WARNING]: User(Test2) left the chat
[2023-11-22 18:30:11,174][WARNING]: New connection ('127.0.0.1', 53143)
[2023-11-22 18:30:15,395][INFO]: New User(DJI) registered with token: QIRRTE427N4E591H2FUUSF4X0ZSY68
[2023-11-22 18:30:41,713][INFO]: New message from User(DJI): Hellow
[2023-11-22 18:31:03,778][WARNING]: User(DJI) left the chat
[2023-11-22 18:31:07,992][WARNING]: New connection ('127.0.0.1', 53144)
[2023-11-22 18:31:10,622][INFO]: New User(DJI) registered with token: H0RFNWTJE3NV9QOSYADHRBM1A3W5UK
[2023-11-22 18:31:23,825][INFO]: New message from User(DJI): Hi guys
[2023-11-22 18:31:57,231][WARNING]: User(DJI) left the chat
[2023-11-22 18:41:45,476][INFO]: Server socket started!
[2023-11-22 18:41:45,477][INFO]: Job executor started!
[2023-11-22 18:41:49,340][WARNING]: New connection ('127.0.0.1', 53202)
[2023-11-22 18:41:53,767][INFO]: New User(DJI) registered with token: GI9TXNP0H81QEORMI4KVNN6XGB2MV5
[2023-11-22 18:42:00,667][INFO]: New message from User(DJI): Hello guys
[2023-11-22 18:42:07,599][INFO]: New message from User(DJI): How are you
[2023-11-22 18:42:32,929][WARNING]: New connection ('127.0.0.1', 53205)
[2023-11-22 18:42:36,668][ERROR]: ('127.0.0.1', 53205) Username(DJI) already exist
[2023-11-22 18:43:17,545][WARNING]: New connection ('127.0.0.1', 53220)
[2023-11-22 18:43:20,746][INFO]: New User(Sviat) registered with token: YL9CQURLZA16DB5XIXRYUPIZIZYCY3
[2023-11-22 18:44:12,015][INFO]: New message from User(Sviat): Hello
[2023-11-22 18:44:12,046][WARNING]: Created send message job for 1 users
[2023-11-22 18:44:12,078][WARNING]: JobExecutor - Started job
[2023-11-22 18:44:12,078][INFO]: JobExecutor - Sending message to User(DJI)
[2023-11-22 18:44:12,078][WARNING]: JobExecutor - Job finished
[2023-11-22 18:44:35,202][INFO]: New message from User(DJI): Hello nice to meet you
[2023-11-22 18:44:35,234][WARNING]: Created send message job for 1 users
[2023-11-22 18:44:35,266][WARNING]: JobExecutor - Started job
[2023-11-22 18:44:35,266][INFO]: JobExecutor - Sending message to User(Sviat)
[2023-11-22 18:44:35,266][WARNING]: JobExecutor - Job finished
[2023-11-22 18:45:00,394][WARNING]: User(Sviat) left the chat
[2023-11-22 18:45:00,426][WARNING]: Created send message job for 1 users
[2023-11-22 18:45:00,458][WARNING]: JobExecutor - Started job
[2023-11-22 18:45:00,458][INFO]: JobExecutor - Sending message to User(DJI)
[2023-11-22 18:45:00,458][WARNING]: JobExecutor - Job finished
[2023-11-22 18:45:24,830][WARNING]: User(DJI) left the chat
[2023-11-22 18:52:31,697][INFO]: Server socket started!
[2023-11-22 18:52:31,699][INFO]: Job executor started!
[2023-11-22 18:52:45,551][WARNING]: New connection ('127.0.0.1', 53320)
[2023-11-22 18:52:52,064][ERROR]: ('127.0.0.1', 53320) you cant take server username
[2023-11-22 18:53:22,471][WARNING]: New connection ('127.0.0.1', 53324)
[2023-11-22 18:53:25,134][ERROR]: ('127.0.0.1', 53324) you cant take server username
[2023-11-22 18:54:19,439][WARNING]: New connection ('127.0.0.1', 53332)
[2023-11-22 18:54:24,644][ERROR]: ('127.0.0.1', 53332) you cant take server username
[2023-11-22 18:54:30,751][INFO]: New User(DJI) registered with token: DFH87KKCMDSYNIQN937A2P6651WPDM
[2023-11-22 18:54:30,796][WARNING]: User(DJI) joined the chat
[2023-11-22 18:54:46,366][INFO]: New message from User(DJI): Hello Friends
[2023-11-22 18:54:51,588][WARNING]: New connection ('127.0.0.1', 53336)
[2023-11-22 18:54:57,107][ERROR]: ('127.0.0.1', 53336) Username(DJI) already exist
[2023-11-22 18:55:00,488][INFO]: New User(Test) registered with token: 5UIOKRDQ1XPHZMXWTM0I0JCGJHSQZZ
[2023-11-22 18:55:00,536][WARNING]: User(Test) joined the chat
[2023-11-22 18:55:00,551][WARNING]: Created send message job for 1 users
[2023-11-22 18:55:00,581][WARNING]: JobExecutor - Started job
[2023-11-22 18:55:00,581][INFO]: JobExecutor - Sending message to User(DJI)
[2023-11-22 18:55:00,581][WARNING]: JobExecutor - Job finished
[2023-11-22 18:55:25,821][INFO]: New message from User(Test): Hello DJI
[2023-11-22 18:55:25,853][WARNING]: Created send message job for 1 users
[2023-11-22 18:55:25,885][WARNING]: JobExecutor - Started job
[2023-11-22 18:55:25,885][INFO]: JobExecutor - Sending message to User(DJI)
[2023-11-22 18:55:25,885][WARNING]: JobExecutor - Job finished
[2023-11-22 18:55:33,849][WARNING]: New connection ('127.0.0.1', 53341)
[2023-11-22 18:55:42,496][INFO]: New User(Yousip) registered with token: XMUKNBH2YANWJ1X76XY8KH5W8HDP2K
[2023-11-22 18:55:42,543][WARNING]: User(Yousip) joined the chat
[2023-11-22 18:55:42,574][WARNING]: Created send message job for 2 users
[2023-11-22 18:55:42,606][WARNING]: JobExecutor - Started job
[2023-11-22 18:55:42,606][INFO]: JobExecutor - Sending message to User(DJI)
[2023-11-22 18:55:42,606][INFO]: JobExecutor - Sending message to User(Test)
[2023-11-22 18:55:42,606][WARNING]: JobExecutor - Job finished
[2023-11-22 18:55:51,701][INFO]: New message from User(Yousip): Hi
[2023-11-22 18:55:51,731][WARNING]: Created send message job for 2 users
[2023-11-22 18:55:51,763][WARNING]: JobExecutor - Started job
[2023-11-22 18:55:51,763][INFO]: JobExecutor - Sending message to User(DJI)
[2023-11-22 18:55:51,763][INFO]: JobExecutor - Sending message to User(Test)
[2023-11-22 18:55:51,763][WARNING]: JobExecutor - Job finished
[2023-11-22 18:56:08,264][INFO]: New message from User(DJI): HI
[2023-11-22 18:56:08,264][WARNING]: Created send message job for 2 users
[2023-11-22 18:56:08,296][WARNING]: JobExecutor - Started job
[2023-11-22 18:56:08,296][INFO]: JobExecutor - Sending message to User(Test)
[2023-11-22 18:56:08,296][INFO]: JobExecutor - Sending message to User(Yousip)
[2023-11-22 18:56:08,296][WARNING]: JobExecutor - Job finished
[2023-11-22 18:56:30,693][WARNING]: User(Yousip) left the chat
[2023-11-22 18:56:30,724][WARNING]: Created send message job for 2 users
[2023-11-22 18:56:30,740][WARNING]: JobExecutor - Started job
[2023-11-22 18:56:30,740][INFO]: JobExecutor - Sending message to User(DJI)
[2023-11-22 18:56:30,740][INFO]: JobExecutor - Sending message to User(Test)
[2023-11-22 18:56:30,740][WARNING]: JobExecutor - Job finished
[2023-11-22 18:56:45,413][WARNING]: User(Test) left the chat
[2023-11-22 18:56:45,444][WARNING]: Created send message job for 1 users
[2023-11-22 18:56:45,476][WARNING]: JobExecutor - Started job
[2023-11-22 18:56:45,476][INFO]: JobExecutor - Sending message to User(DJI)
[2023-11-22 18:56:45,476][WARNING]: JobExecutor - Job finished
[2023-11-22 18:56:53,063][WARNING]: New connection ('127.0.0.1', 53348)
[2023-11-22 18:56:58,601][INFO]: New User(Test) registered with token: OZHJ4IXL2MHZ370Y6BHC45K7PW7PHA
[2023-11-22 18:56:58,649][WARNING]: User(Test) joined the chat
[2023-11-22 18:56:58,681][WARNING]: Created send message job for 1 users
[2023-11-22 18:56:58,696][WARNING]: JobExecutor - Started job
[2023-11-22 18:56:58,697][INFO]: JobExecutor - Sending message to User(DJI)
[2023-11-22 18:56:58,697][WARNING]: JobExecutor - Job finished
[2023-11-22 18:57:13,206][INFO]: New message from User(Test): I am come back!
[2023-11-22 18:57:13,238][WARNING]: Created send message job for 1 users
[2023-11-22 18:57:13,254][WARNING]: JobExecutor - Started job
[2023-11-22 18:57:13,254][INFO]: JobExecutor - Sending message to User(DJI)
[2023-11-22 18:57:13,254][WARNING]: JobExecutor - Job finished
[2023-11-22 18:57:19,033][WARNING]: User(Test) left the chat
[2023-11-22 18:57:19,049][WARNING]: Created send message job for 1 users
[2023-11-22 18:57:19,081][WARNING]: JobExecutor - Started job
[2023-11-22 18:57:19,081][INFO]: JobExecutor - Sending message to User(DJI)
[2023-11-22 18:57:19,081][WARNING]: JobExecutor - Job finished
[2023-11-22 18:57:21,921][WARNING]: User(DJI) left the chat
